2024-01-12 10:39:34,735 werkzeug INFO [31m[1mWARNING: This is a development server. Do not use it in a production deployment. Use a production WSGI server instead.[0m
 * Running on http://127.0.0.1:8000
2024-01-12 10:39:34,735 werkzeug INFO [33mPress CTRL+C to quit[0m
2024-01-12 10:39:34,735 werkzeug INFO  * Restarting with stat
2024-01-12 10:39:35,540 werkzeug WARNING  * Debugger is active!
2024-01-12 10:39:35,542 werkzeug INFO  * Debugger PIN: 911-389-992
2024-01-12 10:39:38,931 werkzeug INFO 127.0.0.1 - - [12/Jan/2024 10:39:38] "GET / HTTP/1.1" 200 -
2024-01-12 10:39:39,415 werkzeug INFO 127.0.0.1 - - [12/Jan/2024 10:39:39] "[33mGET /favicon.ico HTTP/1.1[0m" 404 -
2024-01-12 10:39:43,067 root INFO Scrapping is started
2024-01-12 10:39:43,082 root INFO details are requesting in response...
2024-01-12 10:39:43,088 urllib3.connectionpool DEBUG Starting new HTTPS connection (1): www.youtube.com:443
2024-01-12 10:39:43,403 urllib3.connectionpool DEBUG https://www.youtube.com:443 "GET /@PW-Foundation/videos HTTP/1.1" 200 None
2024-01-12 10:39:43,711 root INFO Titles are scraping...
2024-01-12 10:39:43,715 root INFO Thumbnails are scraping...
2024-01-12 10:39:43,716 root INFO links are scraping...
2024-01-12 10:39:43,716 root INFO veiws are scraping...
2024-01-12 10:39:43,716 root INFO Video age ...
2024-01-12 10:39:43,747 root INFO 9-titles...
2024-01-12 10:39:43,747 root INFO thumbnails...
2024-01-12 10:39:43,747 root INFO 9-links...
2024-01-12 10:39:43,747 root INFO 9-viewcounts by jump of 2...
2024-01-12 10:39:43,747 root INFO 9-ages by jump of 2...
2024-01-12 10:39:44,960 werkzeug INFO 127.0.0.1 - - [12/Jan/2024 10:39:44] "POST /details HTTP/1.1" 200 -
2024-01-12 10:39:45,469 werkzeug INFO 127.0.0.1 - - [12/Jan/2024 10:39:45] "GET /static/css/style2.css HTTP/1.1" 200 -
2024-01-12 10:45:04,935 werkzeug INFO [31m[1mWARNING: This is a development server. Do not use it in a production deployment. Use a production WSGI server instead.[0m
 * Running on all addresses (0.0.0.0)
 * Running on http://127.0.0.1:5000
 * Running on http://10.102.159.37:5000
2024-01-12 10:45:04,936 werkzeug INFO [33mPress CTRL+C to quit[0m
2024-01-12 10:45:04,938 werkzeug INFO  * Restarting with stat
2024-01-12 10:45:05,850 werkzeug WARNING  * Debugger is active!
2024-01-12 10:45:05,854 werkzeug INFO  * Debugger PIN: 911-389-992
2024-01-12 10:45:10,766 werkzeug INFO 127.0.0.1 - - [12/Jan/2024 10:45:10] "GET / HTTP/1.1" 200 -
2024-01-12 10:45:10,932 werkzeug INFO 127.0.0.1 - - [12/Jan/2024 10:45:10] "[33mGET /favicon.ico HTTP/1.1[0m" 404 -
2024-01-12 10:45:29,483 root INFO Scrapping is started
2024-01-12 10:45:29,487 root INFO details are requesting in response...
2024-01-12 10:45:29,492 urllib3.connectionpool DEBUG Starting new HTTPS connection (1): www.youtube.com:443
2024-01-12 10:45:29,867 urllib3.connectionpool DEBUG https://www.youtube.com:443 "GET /@Mr-IndianHaker/videos HTTP/1.1" 200 None
2024-01-12 10:45:30,033 root INFO Titles are scraping...
2024-01-12 10:45:30,034 root INFO Thumbnails are scraping...
2024-01-12 10:45:30,034 root INFO links are scraping...
2024-01-12 10:45:30,034 root INFO veiws are scraping...
2024-01-12 10:45:30,035 root INFO Video age ...
2024-01-12 10:45:30,047 root INFO 9-titles...
2024-01-12 10:45:30,047 root INFO thumbnails...
2024-01-12 10:45:30,047 root INFO 9-links...
2024-01-12 10:45:30,047 root INFO 9-viewcounts by jump of 2...
2024-01-12 10:45:30,047 root INFO 9-ages by jump of 2...
2024-01-12 10:45:30,047 root ERROR documents must be a non-empty list
2024-01-12 10:45:30,049 werkzeug INFO 127.0.0.1 - - [12/Jan/2024 10:45:30] "POST /details HTTP/1.1" 200 -
2024-01-12 10:45:46,064 werkzeug INFO 10.102.159.37 - - [12/Jan/2024 10:45:46] "GET / HTTP/1.1" 200 -
2024-01-12 10:45:46,414 werkzeug INFO 10.102.159.37 - - [12/Jan/2024 10:45:46] "[33mGET /favicon.ico HTTP/1.1[0m" 404 -
2024-01-12 10:46:04,152 root INFO Scrapping is started
2024-01-12 10:46:04,153 root INFO details are requesting in response...
2024-01-12 10:46:04,156 urllib3.connectionpool DEBUG Starting new HTTPS connection (1): www.youtube.com:443
2024-01-12 10:46:04,489 urllib3.connectionpool DEBUG https://www.youtube.com:443 "GET /@PW-Foundation/videos HTTP/1.1" 200 None
2024-01-12 10:46:04,654 root INFO Titles are scraping...
2024-01-12 10:46:04,655 root INFO Thumbnails are scraping...
2024-01-12 10:46:04,655 root INFO links are scraping...
2024-01-12 10:46:04,656 root INFO veiws are scraping...
2024-01-12 10:46:04,656 root INFO Video age ...
2024-01-12 10:46:04,684 root INFO 9-titles...
2024-01-12 10:46:04,684 root INFO thumbnails...
2024-01-12 10:46:04,684 root INFO 9-links...
2024-01-12 10:46:04,684 root INFO 9-viewcounts by jump of 2...
2024-01-12 10:46:04,684 root INFO 9-ages by jump of 2...
2024-01-12 10:46:04,972 werkzeug INFO 10.102.159.37 - - [12/Jan/2024 10:46:04] "POST /details HTTP/1.1" 200 -
2024-01-12 10:46:05,049 werkzeug INFO 10.102.159.37 - - [12/Jan/2024 10:46:05] "GET /static/css/style2.css HTTP/1.1" 200 -
2024-01-12 10:47:01,851 root INFO Scrapping is started
2024-01-12 10:47:01,852 root INFO details are requesting in response...
2024-01-12 10:47:01,853 urllib3.connectionpool DEBUG Starting new HTTPS connection (1): www.youtube.com:443
2024-01-12 10:47:02,170 urllib3.connectionpool DEBUG https://www.youtube.com:443 "GET /@PW-Foundation/videos HTTP/1.1" 200 None
2024-01-12 10:47:02,321 root INFO Titles are scraping...
2024-01-12 10:47:02,321 root INFO Thumbnails are scraping...
2024-01-12 10:47:02,322 root INFO links are scraping...
2024-01-12 10:47:02,322 root INFO veiws are scraping...
2024-01-12 10:47:02,322 root INFO Video age ...
2024-01-12 10:47:02,343 root INFO 9-titles...
2024-01-12 10:47:02,343 root INFO thumbnails...
2024-01-12 10:47:02,343 root INFO 9-links...
2024-01-12 10:47:02,343 root INFO 9-viewcounts by jump of 2...
2024-01-12 10:47:02,343 root INFO 9-ages by jump of 2...
2024-01-12 10:47:02,392 werkzeug INFO 10.102.159.37 - - [12/Jan/2024 10:47:02] "POST /details HTTP/1.1" 200 -
2024-01-12 10:47:02,419 werkzeug INFO 10.102.159.37 - - [12/Jan/2024 10:47:02] "[36mGET /static/css/style2.css HTTP/1.1[0m" 304 -
2024-01-12 10:47:06,719 root INFO Scrapping is started
2024-01-12 10:47:06,720 root INFO details are requesting in response...
2024-01-12 10:47:06,721 urllib3.connectionpool DEBUG Starting new HTTPS connection (1): www.youtube.com:443
2024-01-12 10:47:07,029 urllib3.connectionpool DEBUG https://www.youtube.com:443 "GET /@PW-Foundation/videos HTTP/1.1" 200 None
2024-01-12 10:47:07,185 root INFO Titles are scraping...
2024-01-12 10:47:07,185 root INFO Thumbnails are scraping...
2024-01-12 10:47:07,186 root INFO links are scraping...
2024-01-12 10:47:07,186 root INFO veiws are scraping...
2024-01-12 10:47:07,186 root INFO Video age ...
2024-01-12 10:47:07,210 root INFO 9-titles...
2024-01-12 10:47:07,210 root INFO thumbnails...
2024-01-12 10:47:07,210 root INFO 9-links...
2024-01-12 10:47:07,210 root INFO 9-viewcounts by jump of 2...
2024-01-12 10:47:07,210 root INFO 9-ages by jump of 2...
2024-01-12 10:47:07,257 werkzeug INFO 10.102.159.37 - - [12/Jan/2024 10:47:07] "POST /details HTTP/1.1" 200 -
2024-01-12 10:47:07,270 werkzeug INFO 10.102.159.37 - - [12/Jan/2024 10:47:07] "[36mGET /static/css/style2.css HTTP/1.1[0m" 304 -
